Begin RunPipelinedAcquisitionReadThread
Before Timestamp clear: Thu, 04 Aug 2016 15:54:32 +0000 (GMT) +620278000 nsec
After Timestamp clear: Thu, 04 Aug 2016 15:54:32 +0000 (GMT) +669548000 nsec
Diff from Config 0.169547 seconds.
Run Duration 2.041834 seconds: Exiting Event Loop: 0x00000000 0 35
Waiting on previous buffer to be written
... Complete
Prior to bank switch ... 
0	0	0
1	5e0	0
... End Prior to bank switch. 
Post bank switch ... 
0	7fc4	7fc4
1	5e0	0
... End Post bank switch. 
Begin RunPipelinedAcquisitionReadThread
Before Timestamp clear: Tue, 09 Aug 2016 01:54:14 +0000 (GMT) +688783000 nsec
After Timestamp clear: Tue, 09 Aug 2016 01:54:14 +0000 (GMT) +688865000 nsec
Diff from Config 0.188862 seconds.
Run Duration 2.000011 seconds: Exiting Event Loop: 0x00000000 0 44564
Waiting on previous buffer to be written
... Complete
Prior to bank switch ... 
0	551505e0	674
1	551505e0	674
... End Prior to bank switch. 
Post bank switch ... 
0	551705e0	1000000
1	551705e0	1000000
... End Post bank switch. 
00 00000000 00000004 00000000 00000000 00000000 00000000 (0.009847) 
01 00000000 00000004 00000000 00000000 00000000 00000000 (0.009847) 
02 00000000 00000004 00000000 00000000 00000000 00000000 (0.009847) 
03 00000000 00000004 00000000 00000000 00000000 00000000 (0.009847) 
04 00000000 00000004 00000000 00000000 00000000 00000000 (0.009847) 
05 00000000 00000004 00000000 00000000 00000000 00000000 (0.009847) 
06 00000000 00000004 00000000 00000000 00000000 00000000 (0.009847) 
07 00000000 00000004 00000000 00000000 00000000 00000000 (0.009847) 
08 00000000 00000004 00000000 00000000 00000000 00000000 (0.009847) 
09 00000000 00000004 00000000 00000000 00000000 00000000 (0.009847) 
10 00000000 00000004 00000000 00000000 00000000 00000000 (0.009847) 
11 00000000 00000004 00000000 00000000 00000000 00000000 (0.009847) 
12 00000000 00000004 00000000 00000000 00000000 00000000 (0.009847) 
13 00000000 00000004 00000000 00000000 00000000 00000000 (0.009847) 
14 00000000 00000004 00000000 00000000 00000000 00000000 (0.009847) 
15 00000000 00000004 00000000 00000000 00000000 00000000 (0.009847) 
00 00000000 00000004 00000000 00000000 00000000 00000000 (0.009847) 
01 00000000 00000004 00000000 00000000 00000000 00000000 (0.009847) 
02 00000000 00000004 00000000 00000000 00000000 00000000 (0.009847) 
03 00000000 00000004 00000000 00000000 00000000 00000000 (0.009847) 
04 00000000 00000004 00000000 00000000 00000000 00000000 (0.009847) 
05 00000000 00000004 00000000 00000000 00000000 00000000 (0.009847) 
06 00000000 00000004 00000000 00000000 00000000 00000000 (0.009847) 
07 00000000 00000004 00000000 00000000 00000000 00000000 (0.009847) 
08 00000000 00000004 00000000 00000000 00000000 00000000 (0.009847) 
09 00000000 00000004 00000000 00000000 00000000 00000000 (0.009847) 
10 00000000 00000004 00000000 00000000 00000000 00000000 (0.009847) 
11 00000000 00000004 00000000 00000000 00000000 00000000 (0.009847) 
12 00000000 00000004 00000000 00000000 00000000 00000000 (0.009847) 
13 00000000 00000004 00000000 00000000 00000000 00000000 (0.009847) 
14 00000000 00000004 00000000 00000000 00000000 00000000 (0.009847) 
15 00000000 00000004 00000000 00000000 00000000 00000000 (0.009847) 
Run Duration 4.000015 seconds: Exiting Event Loop: 0x00000000 0 52291
Waiting on previous buffer to be written
... Complete
Prior to bank switch ... 
0	551705e0	1000674
1	551705e0	1000674
... End Prior to bank switch. 
Post bank switch ... 
0	551505e0	0
1	551505e0	0
... End Post bank switch. 
00 00000000 00000008 00000000 00000000 00000000 00000000 (0.009847) 
01 00000000 00000008 00000000 00000000 00000000 00000000 (0.009847) 
02 00000000 00000008 00000000 00000000 00000000 00000000 (0.009847) 
03 00000000 00000008 00000000 00000000 00000000 00000000 (0.009847) 
04 00000000 00000008 00000000 00000000 00000000 00000000 (0.009847) 
05 00000000 00000008 00000000 00000000 00000000 00000000 (0.009847) 
06 00000000 00000008 00000000 00000000 00000000 00000000 (0.009847) 
07 00000000 00000008 00000000 00000000 00000000 00000000 (0.009847) 
08 00000000 00000008 00000000 00000000 00000000 00000000 (0.009847) 
09 00000000 00000008 00000000 00000000 00000000 00000000 (0.009847) 
10 00000000 00000008 00000000 00000000 00000000 00000000 (0.009847) 
11 00000000 00000008 00000000 00000000 00000000 00000000 (0.009847) 
12 00000000 00000008 00000000 00000000 00000000 00000000 (0.009847) 
13 00000000 00000008 00000000 00000000 00000000 00000000 (0.009847) 
14 00000000 00000008 00000000 00000000 00000000 00000000 (0.009847) 
15 00000000 00000008 00000000 00000000 00000000 00000000 (0.009847) 
00 00000000 00000008 00000000 00000000 00000000 00000000 (0.009847) 
01 00000000 00000008 00000000 00000000 00000000 00000000 (0.009847) 
02 00000000 00000008 00000000 00000000 00000000 00000000 (0.009847) 
03 00000000 00000008 00000000 00000000 00000000 00000000 (0.009847) 
04 00000000 00000008 00000000 00000000 00000000 00000000 (0.009847) 
05 00000000 00000008 00000000 00000000 00000000 00000000 (0.009847) 
06 00000000 00000008 00000000 00000000 00000000 00000000 (0.009847) 
07 00000000 00000008 00000000 00000000 00000000 00000000 (0.009847) 
08 00000000 00000008 00000000 00000000 00000000 00000000 (0.009847) 
09 00000000 00000008 00000000 00000000 00000000 00000000 (0.009847) 
10 00000000 00000008 00000000 00000000 00000000 00000000 (0.009847) 
11 00000000 00000008 00000000 00000000 00000000 00000000 (0.009847) 
12 00000000 00000008 00000000 00000000 00000000 00000000 (0.009847) 
13 00000000 00000008 00000000 00000000 00000000 00000000 (0.009847) 
14 00000000 00000008 00000000 00000000 00000000 00000000 (0.009847) 
15 00000000 00000008 00000000 00000000 00000000 00000000 (0.009847) 
Run Duration 6.000031 seconds: Exiting Event Loop: 0x00000000 0 48179
Waiting on previous buffer to be written
... Complete
Prior to bank switch ... 
0	551505e0	674
1	551505e0	674
... End Prior to bank switch. 
Post bank switch ... 
0	551705e0	1000000
1	551705e0	1000000
... End Post bank switch. 
00 00000000 00000012 00000000 00000000 00000000 00000000 (0.009847) 
01 00000000 00000012 00000000 00000000 00000000 00000000 (0.009847) 
02 00000000 00000012 00000000 00000000 00000000 00000000 (0.009847) 
03 00000000 00000012 00000000 00000000 00000000 00000000 (0.009847) 
04 00000000 00000012 00000000 00000000 00000000 00000000 (0.009847) 
05 00000000 00000012 00000000 00000000 00000000 00000000 (0.009847) 
06 00000000 00000012 00000000 00000000 00000000 00000000 (0.009847) 
07 00000000 00000012 00000000 00000000 00000000 00000000 (0.009847) 
08 00000000 00000012 00000000 00000000 00000000 00000000 (0.009847) 
09 00000000 00000012 00000000 00000000 00000000 00000000 (0.009847) 
10 00000000 00000012 00000000 00000000 00000000 00000000 (0.009847) 
11 00000000 00000012 00000000 00000000 00000000 00000000 (0.009847) 
12 00000000 00000012 00000000 00000000 00000000 00000000 (0.009847) 
13 00000000 00000012 00000000 00000000 00000000 00000000 (0.009847) 
14 00000000 00000012 00000000 00000000 00000000 00000000 (0.009847) 
15 00000000 00000012 00000000 00000000 00000000 00000000 (0.009847) 
00 00000000 00000012 00000000 00000000 00000000 00000000 (0.009847) 
01 00000000 00000012 00000000 00000000 00000000 00000000 (0.009847) 
02 00000000 00000012 00000000 00000000 00000000 00000000 (0.009847) 
03 00000000 00000012 00000000 00000000 00000000 00000000 (0.009847) 
04 00000000 00000012 00000000 00000000 00000000 00000000 (0.009847) 
05 00000000 00000012 00000000 00000000 00000000 00000000 (0.009847) 
06 00000000 00000012 00000000 00000000 00000000 00000000 (0.009847) 
07 00000000 00000012 00000000 00000000 00000000 00000000 (0.009847) 
08 00000000 00000012 00000000 00000000 00000000 00000000 (0.009847) 
09 00000000 00000012 00000000 00000000 00000000 00000000 (0.009847) 
10 00000000 00000012 00000000 00000000 00000000 00000000 (0.009847) 
11 00000000 00000012 00000000 00000000 00000000 00000000 (0.009847) 
12 00000000 00000012 00000000 00000000 00000000 00000000 (0.009847) 
13 00000000 00000012 00000000 00000000 00000000 00000000 (0.009847) 
14 00000000 00000012 00000000 00000000 00000000 00000000 (0.009847) 
15 00000000 00000012 00000000 00000000 00000000 00000000 (0.009847) 
Run Duration 8.000073 seconds: Exiting Event Loop: 0x00000000 0 48013
Waiting on previous buffer to be written
... Complete
Prior to bank switch ... 
0	551705e0	1000674
1	551705e0	1000674
... End Prior to bank switch. 
Post bank switch ... 
0	551505e0	0
1	551505e0	0
... End Post bank switch. 
00 00000000 00000016 00000000 00000000 00000000 00000000 (0.009847) 
01 00000000 00000016 00000000 00000000 00000000 00000000 (0.009847) 
02 00000000 00000016 00000000 00000000 00000000 00000000 (0.009847) 
03 00000000 00000016 00000000 00000000 00000000 00000000 (0.009847) 
04 00000000 00000016 00000000 00000000 00000000 00000000 (0.009847) 
05 00000000 00000016 00000000 00000000 00000000 00000000 (0.009847) 
06 00000000 00000016 00000000 00000000 00000000 00000000 (0.009847) 
07 00000000 00000016 00000000 00000000 00000000 00000000 (0.009847) 
08 00000000 00000016 00000000 00000000 00000000 00000000 (0.009847) 
09 00000000 00000016 00000000 00000000 00000000 00000000 (0.009847) 
10 00000000 00000016 00000000 00000000 00000000 00000000 (0.009847) 
11 00000000 00000016 00000000 00000000 00000000 00000000 (0.009847) 
12 00000000 00000016 00000000 00000000 00000000 00000000 (0.009847) 
13 00000000 00000016 00000000 00000000 00000000 00000000 (0.009847) 
14 00000000 00000016 00000000 00000000 00000000 00000000 (0.009847) 
15 00000000 00000016 00000000 00000000 00000000 00000000 (0.009847) 
00 00000000 00000016 00000000 00000000 00000000 00000000 (0.009847) 
01 00000000 00000016 00000000 00000000 00000000 00000000 (0.009847) 
02 00000000 00000016 00000000 00000000 00000000 00000000 (0.009847) 
03 00000000 00000016 00000000 00000000 00000000 00000000 (0.009847) 
04 00000000 00000016 00000000 00000000 00000000 00000000 (0.009847) 
05 00000000 00000016 00000000 00000000 00000000 00000000 (0.009847) 
06 00000000 00000016 00000000 00000000 00000000 00000000 (0.009847) 
07 00000000 00000016 00000000 00000000 00000000 00000000 (0.009847) 
08 00000000 00000016 00000000 00000000 00000000 00000000 (0.009847) 
09 00000000 00000016 00000000 00000000 00000000 00000000 (0.009847) 
10 00000000 00000016 00000000 00000000 00000000 00000000 (0.009847) 
11 00000000 00000016 00000000 00000000 00000000 00000000 (0.009847) 
12 00000000 00000016 00000000 00000000 00000000 00000000 (0.009847) 
13 00000000 00000016 00000000 00000000 00000000 00000000 (0.009847) 
14 00000000 00000016 00000000 00000000 00000000 00000000 (0.009847) 
15 00000000 00000016 00000000 00000000 00000000 00000000 (0.009847) 
Maximum RunTime Exceeded 10.000042(10.000000)
SIS3316 Temperature: 36	37.5	
Run Duration 10.000195 seconds: Exiting Event Loop: 0x00000000 1 48552
Waiting on previous buffer to be written
... Complete
Prior to bank switch ... 
0	551505e0	674
1	551505e0	674
... End Prior to bank switch. 
Post bank switch ... 
0	551705e0	1000000
1	551705e0	1000000
... End Post bank switch. 
00 00000000 00000020 00000000 00000000 00000000 00000000 (0.009847) 
01 00000000 00000020 00000000 00000000 00000000 00000000 (0.009847) 
02 00000000 00000020 00000000 00000000 00000000 00000000 (0.009847) 
03 00000000 00000020 00000000 00000000 00000000 00000000 (0.009847) 
04 00000000 00000020 00000000 00000000 00000000 00000000 (0.009847) 
05 00000000 00000020 00000000 00000000 00000000 00000000 (0.009847) 
06 00000000 00000020 00000000 00000000 00000000 00000000 (0.009847) 
07 00000000 00000020 00000000 00000000 00000000 00000000 (0.009847) 
08 00000000 00000020 00000000 00000000 00000000 00000000 (0.009847) 
09 00000000 00000020 00000000 00000000 00000000 00000000 (0.009847) 
10 00000000 00000020 00000000 00000000 00000000 00000000 (0.009847) 
11 00000000 00000020 00000000 00000000 00000000 00000000 (0.009847) 
12 00000000 00000020 00000000 00000000 00000000 00000000 (0.009847) 
13 00000000 00000020 00000000 00000000 00000000 00000000 (0.009847) 
14 00000000 00000020 00000000 00000000 00000000 00000000 (0.009847) 
15 00000000 00000020 00000000 00000000 00000000 00000000 (0.009847) 
00 00000000 00000020 00000000 00000000 00000000 00000000 (0.009847) 
01 00000000 00000020 00000000 00000000 00000000 00000000 (0.009847) 
02 00000000 00000020 00000000 00000000 00000000 00000000 (0.009847) 
03 00000000 00000020 00000000 00000000 00000000 00000000 (0.009847) 
04 00000000 00000020 00000000 00000000 00000000 00000000 (0.009847) 
05 00000000 00000020 00000000 00000000 00000000 00000000 (0.009847) 
06 00000000 00000020 00000000 00000000 00000000 00000000 (0.009847) 
07 00000000 00000020 00000000 00000000 00000000 00000000 (0.009847) 
08 00000000 00000020 00000000 00000000 00000000 00000000 (0.009847) 
09 00000000 00000020 00000000 00000000 00000000 00000000 (0.009847) 
10 00000000 00000020 00000000 00000000 00000000 00000000 (0.009847) 
11 00000000 00000020 00000000 00000000 00000000 00000000 (0.009847) 
12 00000000 00000020 00000000 00000000 00000000 00000000 (0.009847) 
13 00000000 00000020 00000000 00000000 00000000 00000000 (0.009847) 
14 00000000 00000020 00000000 00000000 00000000 00000000 (0.009847) 
15 00000000 00000020 00000000 00000000 00000000 00000000 (0.009847) 
End of Read Thread
Begin RunPipelinedAcquisitionReadThread
Before Timestamp clear: Tue, 13 Jul 2021 21:30:17 +0000 (GMT) +781454000 nsec
After Timestamp clear: Tue, 13 Jul 2021 21:30:17 +0000 (GMT) +835911000 nsec
Diff from Config 0.335909 seconds.
Run Duration 2.079847 seconds: Exiting Event Loop: 0x00000000 0 15
Waiting on previous buffer to be written
... Complete
Prior to bank switch ... 
0	559c	559c
1	7fe3	7fe3
... End Prior to bank switch. 
Post bank switch ... 
0	7fe3	7fe3
1	7fe3	7fe3
... End Post bank switch. 
